[2023-10-08T16:02:36.383805+00:00] my_log.ERROR: This is some error. [] []
[2023-10-08T16:03:08.920204+00:00] my_log.ERROR: This is some error. [] []
[2023-10-08T16:03:08.954560+00:00] my_log.WARNING: This is some warning. [] []
[2023-10-08T16:03:46.254903+00:00] my_log.ERROR: This is some error. [] []
[2023-10-08T16:03:46.303482+00:00] my_log.WARNING: This is some warning. [] []
[2023-10-08T16:03:46.303874+00:00] my_log.NOTICE: This is some notice. [] []
[2023-10-08T16:04:26.151374+00:00] my_log.ERROR: This is some error. [] []
[2023-10-08T16:04:26.186091+00:00] my_log.WARNING: This is some warning. [] []
[2023-10-08T16:04:26.186532+00:00] my_log.NOTICE: This is some notice. [] []
[2023-10-08T16:04:26.186970+00:00] my_log.INFO: This is some info. [] []
[2023-10-08T16:04:26.192029+00:00] my_log.INFO: Duck created. [] []
[2023-10-08T16:05:03.766463+00:00] my_log.ERROR: This is some error. [] []
[2023-10-08T16:05:03.823310+00:00] my_log.WARNING: This is some warning. [] []
[2023-10-08T16:05:03.823727+00:00] my_log.NOTICE: This is some notice. [] []
[2023-10-08T16:05:03.824075+00:00] my_log.INFO: This is some info. [] []
[2023-10-08T16:05:03.824440+00:00] my_log.DEBUG: This is some debug. [] []
[2023-10-08T16:05:03.830487+00:00] my_log.INFO: Duck created. [] []
[2023-10-08T16:05:03.830886+00:00] my_log.DEBUG: Quack() executed. [] []
[2023-10-08T16:05:03.831707+00:00] my_log.DEBUG: Quack() executed. [] []
[2023-10-08T16:05:03.843668+00:00] my_log.DEBUG: Quack() executed. [] []
